2025-04-04 08:25:31.165465 - Received CBT.V508.FILE357.PDS from FILE357.XMI 
2025-04-04 08:25:31.174093 - Found $$$#DATE.txt (text/plain) in CBT.V508.FILE357.PDS, moved to PDS/$$$#DATE
2025-04-04 08:25:31.174257 - Found $$$NOTE.txt (text/plain) in CBT.V508.FILE357.PDS, moved to PDS/$$$NOTE
2025-04-04 08:25:31.174401 - Found $$$NOTE1.eml (message/rfc822) in CBT.V508.FILE357.PDS, moved to PDS/$$$NOTE1
2025-04-04 08:25:31.174534 - Found @FILE357.txt (text/plain) in CBT.V508.FILE357.PDS, moved to PDS/@FILE357
2025-04-04 08:25:31.174928 - Found @LOADLIB.xmi (application/xmit) in CBT.V508.FILE357.PDS, moved to PDS/@LOADLIB.xmi
2025-04-04 08:25:31.297976 - Received P548H6.FILE357.LOADLIB from @LOADLIB.xmi 
2025-04-04 08:25:31.299127 - Found ABENDX.bin (application/octet-stream) in P548H6.FILE357.LOADLIB, moved to @LOADLIB/ABENDX
2025-04-04 08:25:31.299285 - Found ADDCC.bin (application/octet-stream) in P548H6.FILE357.LOADLIB, moved to @LOADLIB/ADDCC
2025-04-04 08:25:31.299428 - Found ALIAS.bin (application/octet-stream) in P548H6.FILE357.LOADLIB, moved to @LOADLIB/ALIAS
2025-04-04 08:25:31.299566 - Found BLDLR.bin (application/octet-stream) in P548H6.FILE357.LOADLIB, moved to @LOADLIB/BLDLR
2025-04-04 08:25:31.299697 - Found BPXWDYN.bin (application/octet-stream) in P548H6.FILE357.LOADLIB, moved to @LOADLIB/BPXWDYN
2025-04-04 08:25:31.299845 - Found CKDIG.bin (application/octet-stream) in P548H6.FILE357.LOADLIB, moved to @LOADLIB/CKDIG
2025-04-04 08:25:31.299971 - Found CLRSCRN.bin (application/octet-stream) in P548H6.FILE357.LOADLIB, moved to @LOADLIB/CLRSCRN
2025-04-04 08:25:31.300124 - Found COBANAL.bin (application/octet-stream) in P548H6.FILE357.LOADLIB, moved to @LOADLIB/COBANAL
2025-04-04 08:25:31.300260 - Found COBANALZ.bin (application/octet-stream) in P548H6.FILE357.LOADLIB, moved to @LOADLIB/COBANALZ
2025-04-04 08:25:31.300376 - Found COPYGDG.bin (application/octet-stream) in P548H6.FILE357.LOADLIB, moved to @LOADLIB/COPYGDG
2025-04-04 08:25:31.300505 - Found DETAB.bin (application/octet-stream) in P548H6.FILE357.LOADLIB, moved to @LOADLIB/DETAB
2025-04-04 08:25:31.300620 - Found DIRLIST.bin (application/octet-stream) in P548H6.FILE357.LOADLIB, moved to @LOADLIB/DIRLIST
2025-04-04 08:25:31.300757 - Found DIRSCNC.bin (application/octet-stream) in P548H6.FILE357.LOADLIB, moved to @LOADLIB/DIRSCNC
2025-04-04 08:25:31.300875 - Found DIRSCNQ.bin (application/octet-stream) in P548H6.FILE357.LOADLIB, moved to @LOADLIB/DIRSCNQ
2025-04-04 08:25:31.300993 - Found DYNA.bin (application/octet-stream) in P548H6.FILE357.LOADLIB, moved to @LOADLIB/DYNA
2025-04-04 08:25:31.301124 - Found DYNF.bin (application/octet-stream) in P548H6.FILE357.LOADLIB, moved to @LOADLIB/DYNF
2025-04-04 08:25:31.301250 - Found DYNI.bin (application/octet-stream) in P548H6.FILE357.LOADLIB, moved to @LOADLIB/DYNI
2025-04-04 08:25:31.301370 - Found DYNN.bin (application/octet-stream) in P548H6.FILE357.LOADLIB, moved to @LOADLIB/DYNN
2025-04-04 08:25:31.301489 - Found DYNS.bin (application/octet-stream) in P548H6.FILE357.LOADLIB, moved to @LOADLIB/DYNS
2025-04-04 08:25:31.301612 - Found FRMFLOAT.bin (application/octet-stream) in P548H6.FILE357.LOADLIB, moved to @LOADLIB/FRMFLOAT
2025-04-04 08:25:31.301734 - Found GETDSN.bin (application/octet-stream) in P548H6.FILE357.LOADLIB, moved to @LOADLIB/GETDSN
2025-04-04 08:25:31.301868 - Found HEXDUMP.bin (application/octet-stream) in P548H6.FILE357.LOADLIB, moved to @LOADLIB/HEXDUMP
2025-04-04 08:25:31.302004 - Found HEXUDUMP.bin (application/octet-stream) in P548H6.FILE357.LOADLIB, moved to @LOADLIB/HEXUDUMP
2025-04-04 08:25:31.302135 - Found LISTPDS.bin (application/octet-stream) in P548H6.FILE357.LOADLIB, moved to @LOADLIB/LISTPDS
2025-04-04 08:25:31.302264 - Found LMAC.bin (application/octet-stream) in P548H6.FILE357.LOADLIB, moved to @LOADLIB/LMAC
2025-04-04 08:25:31.302393 - Found LMODTST.bin (application/octet-stream) in P548H6.FILE357.LOADLIB, moved to @LOADLIB/LMODTST
2025-04-04 08:25:31.302509 - Found LMODWU.bin (application/octet-stream) in P548H6.FILE357.LOADLIB, moved to @LOADLIB/LMODWU
2025-04-04 08:25:31.302640 - Found LMODXREF.bin (application/octet-stream) in P548H6.FILE357.LOADLIB, moved to @LOADLIB/LMODXREF
2025-04-04 08:25:31.302766 - Found PAGES.bin (application/octet-stream) in P548H6.FILE357.LOADLIB, moved to @LOADLIB/PAGES
2025-04-04 08:25:31.302885 - Found PDSGEN.bin (application/octet-stream) in P548H6.FILE357.LOADLIB, moved to @LOADLIB/PDSGEN
2025-04-04 08:25:31.302996 - Found PDSLIST.bin (application/octet-stream) in P548H6.FILE357.LOADLIB, moved to @LOADLIB/PDSLIST
2025-04-04 08:25:31.303110 - Found PDSMATC.bin (application/octet-stream) in P548H6.FILE357.LOADLIB, moved to @LOADLIB/PDSMATC
2025-04-04 08:25:31.303227 - Found PDSMATCH.bin (application/octet-stream) in P548H6.FILE357.LOADLIB, moved to @LOADLIB/PDSMATCH
2025-04-04 08:25:31.303356 - Found PDSPUNCH.bin (application/octet-stream) in P548H6.FILE357.LOADLIB, moved to @LOADLIB/PDSPUNCH
2025-04-04 08:25:31.303477 - Found PULL.bin (application/octet-stream) in P548H6.FILE357.LOADLIB, moved to @LOADLIB/PULL
2025-04-04 08:25:31.303611 - Found SETRC.bin (application/octet-stream) in P548H6.FILE357.LOADLIB, moved to @LOADLIB/SETRC
2025-04-04 08:25:31.303732 - Found SMARTGN.bin (application/octet-stream) in P548H6.FILE357.LOADLIB, moved to @LOADLIB/SMARTGN
2025-04-04 08:25:31.303851 - Found STOWR.bin (application/octet-stream) in P548H6.FILE357.LOADLIB, moved to @LOADLIB/STOWR
2025-04-04 08:25:31.303970 - Found STOWU.bin (application/octet-stream) in P548H6.FILE357.LOADLIB, moved to @LOADLIB/STOWU
2025-04-04 08:25:31.304088 - Found TOUCH.bin (application/octet-stream) in P548H6.FILE357.LOADLIB, moved to @LOADLIB/TOUCH
2025-04-04 08:25:31.304204 - Found UNTOUCH.bin (application/octet-stream) in P548H6.FILE357.LOADLIB, moved to @LOADLIB/UNTOUCH
2025-04-04 08:25:31.304342 - Found VALUES.bin (application/octet-stream) in P548H6.FILE357.LOADLIB, moved to @LOADLIB/VALUES
2025-04-04 08:25:31.304460 - Found WAIT.bin (application/octet-stream) in P548H6.FILE357.LOADLIB, moved to @LOADLIB/WAIT
2025-04-04 08:25:31.306304 - Found @MACDOC#.txt (text/plain) in CBT.V508.FILE357.PDS, moved to PDS/@MACDOC#
2025-04-04 08:25:31.307004 - Found @MACDOCO.txt (text/plain) in CBT.V508.FILE357.PDS, moved to PDS/@MACDOCO
2025-04-04 08:25:31.307145 - Found @PGMDOC#.txt (text/plain) in CBT.V508.FILE357.PDS, moved to PDS/@PGMDOC#
2025-04-04 08:25:31.307272 - Found @PGMDOCO.txt (text/plain) in CBT.V508.FILE357.PDS, moved to PDS/@PGMDOCO
2025-04-04 08:25:31.307397 - Found @XALLMEM.rexx (text/plain) in CBT.V508.FILE357.PDS, moved to PDS/@XALLMEM
2025-04-04 08:25:31.307517 - Found ABENDX.jcl (text/plain) in CBT.V508.FILE357.PDS, moved to PDS/ABENDX
2025-04-04 08:25:31.307642 - Found ABENDX$.jcl (text/plain) in CBT.V508.FILE357.PDS, moved to PDS/ABENDX$
2025-04-04 08:25:31.307770 - Found ADDCC.jcl (text/plain) in CBT.V508.FILE357.PDS, moved to PDS/ADDCC
2025-04-04 08:25:31.307892 - Found ADDCC$.jcl (text/plain) in CBT.V508.FILE357.PDS, moved to PDS/ADDCC$
2025-04-04 08:25:31.308008 - Found ADDCC@.jcl (text/plain) in CBT.V508.FILE357.PDS, moved to PDS/ADDCC@
2025-04-04 08:25:31.308133 - Found ADDCOLS.rexx (text/plain) in CBT.V508.FILE357.PDS, moved to PDS/ADDCOLS
2025-04-04 08:25:31.308248 - Found ADDFLAG.rexx (text/plain) in CBT.V508.FILE357.PDS, moved to PDS/ADDFLAG
2025-04-04 08:25:31.308372 - Found ADDLINEA.rexx (text/plain) in CBT.V508.FILE357.PDS, moved to PDS/ADDLINEA
2025-04-04 08:25:31.308488 - Found ADDLINEB.rexx (text/plain) in CBT.V508.FILE357.PDS, moved to PDS/ADDLINEB
2025-04-04 08:25:31.308600 - Found ADDLINES.rexx (text/plain) in CBT.V508.FILE357.PDS, moved to PDS/ADDLINES
2025-04-04 08:25:31.308728 - Found ALIGN.rexx (text/plain) in CBT.V508.FILE357.PDS, moved to PDS/ALIGN
2025-04-04 08:25:31.308861 - Found ALIGNALL.rexx (text/plain) in CBT.V508.FILE357.PDS, moved to PDS/ALIGNALL
2025-04-04 08:25:31.308976 - Found ALIGNAX.rexx (text/plain) in CBT.V508.FILE357.PDS, moved to PDS/ALIGNAX
2025-04-04 08:25:31.309091 - Found ALIGNS.rexx (text/plain) in CBT.V508.FILE357.PDS, moved to PDS/ALIGNS
2025-04-04 08:25:31.309205 - Found ALLMEM.rexx (text/plain) in CBT.V508.FILE357.PDS, moved to PDS/ALLMEM
2025-04-04 08:25:31.309320 - Found ALLMEMC.rexx (text/plain) in CBT.V508.FILE357.PDS, moved to PDS/ALLMEMC
2025-04-04 08:25:31.309432 - Found ALLMEMF.rexx (text/plain) in CBT.V508.FILE357.PDS, moved to PDS/ALLMEMF
2025-04-04 08:25:31.309544 - Found ALLOC.txt (text/plain) in CBT.V508.FILE357.PDS, moved to PDS/ALLOC
2025-04-04 08:25:31.309660 - Found ALLOCGDX.rexx (text/plain) in CBT.V508.FILE357.PDS, moved to PDS/ALLOCGDX
2025-04-04 08:25:31.309785 - Found ALPHACNT.jcl (text/plain) in CBT.V508.FILE357.PDS, moved to PDS/ALPHACNT
2025-04-04 08:25:31.309942 - Found ASAXWC.txt (text/plain) in CBT.V508.FILE357.PDS, moved to PDS/ASAXWC
2025-04-04 08:25:31.310073 - Found ASAXWC$.jcl (text/plain) in CBT.V508.FILE357.PDS, moved to PDS/ASAXWC$
2025-04-04 08:25:31.310185 - Found BASEASM.jcl (text/plain) in CBT.V508.FILE357.PDS, moved to PDS/BASEASM
2025-04-04 08:25:31.310303 - Found BASECOB.jcl (text/plain) in CBT.V508.FILE357.PDS, moved to PDS/BASECOB
2025-04-04 08:25:31.310431 - Found BASEEZ.jcl (text/plain) in CBT.V508.FILE357.PDS, moved to PDS/BASEEZ
2025-04-04 08:25:31.310554 - Found BASEPLI.jcl (text/plain) in CBT.V508.FILE357.PDS, moved to PDS/BASEPLI
2025-04-04 08:25:31.310667 - Found BC.rexx (text/plain) in CBT.V508.FILE357.PDS, moved to PDS/BC
2025-04-04 08:25:31.310776 - Found BLDLR.jcl (text/plain) in CBT.V508.FILE357.PDS, moved to PDS/BLDLR
2025-04-04 08:25:31.310888 - Found BNCHMKA.jcl (text/plain) in CBT.V508.FILE357.PDS, moved to PDS/BNCHMKA
2025-04-04 08:25:31.311006 - Found BNCHMKC.jcl (text/plain) in CBT.V508.FILE357.PDS, moved to PDS/BNCHMKC
2025-04-04 08:25:31.311135 - Found BNCHMKP.jcl (text/plain) in CBT.V508.FILE357.PDS, moved to PDS/BNCHMKP
2025-04-04 08:25:31.311251 - Found BS.rexx (text/plain) in CBT.V508.FILE357.PDS, moved to PDS/BS
2025-04-04 08:25:31.311364 - Found CC.rexx (text/plain) in CBT.V508.FILE357.PDS, moved to PDS/CC
2025-04-04 08:25:31.311479 - Found CENTER.rexx (text/plain) in CBT.V508.FILE357.PDS, moved to PDS/CENTER
2025-04-04 08:25:31.311605 - Found CHDEL.rexx (text/plain) in CBT.V508.FILE357.PDS, moved to PDS/CHDEL
2025-04-04 08:25:31.311713 - Found CLONE.rexx (text/plain) in CBT.V508.FILE357.PDS, moved to PDS/CLONE
2025-04-04 08:25:31.311824 - Found CLONER.rexx (text/plain) in CBT.V508.FILE357.PDS, moved to PDS/CLONER
2025-04-04 08:25:31.311934 - Found CLRSCRN.jcl (text/plain) in CBT.V508.FILE357.PDS, moved to PDS/CLRSCRN
2025-04-04 08:25:31.312055 - Found CLS.rexx (text/plain) in CBT.V508.FILE357.PDS, moved to PDS/CLS
2025-04-04 08:25:31.312178 - Found CLS2REXX.rexx (text/plain) in CBT.V508.FILE357.PDS, moved to PDS/CLS2REXX
2025-04-04 08:25:31.312300 - Found COBBITS.jcl (text/plain) in CBT.V508.FILE357.PDS, moved to PDS/COBBITS
2025-04-04 08:25:31.312412 - Found COBCOLOF.rexx (text/plain) in CBT.V508.FILE357.PDS, moved to PDS/COBCOLOF
2025-04-04 08:25:31.312523 - Found COBCOLOI.rexx (text/plain) in CBT.V508.FILE357.PDS, moved to PDS/COBCOLOI
2025-04-04 08:25:31.312631 - Found COBCOLSF.rexx (text/plain) in CBT.V508.FILE357.PDS, moved to PDS/COBCOLSF
2025-04-04 08:25:31.312740 - Found COBCOLSI.rexx (text/plain) in CBT.V508.FILE357.PDS, moved to PDS/COBCOLSI
2025-04-04 08:25:31.312853 - Found COBCOLVF.rexx (text/plain) in CBT.V508.FILE357.PDS, moved to PDS/COBCOLVF
2025-04-04 08:25:31.312966 - Found COBCOLVI.rexx (text/plain) in CBT.V508.FILE357.PDS, moved to PDS/COBCOLVI
2025-04-04 08:25:31.313084 - Found COBCPUTM.jcl (text/plain) in CBT.V508.FILE357.PDS, moved to PDS/COBCPUTM
2025-04-04 08:25:31.313210 - Found COBHEXR.jcl (text/plain) in CBT.V508.FILE357.PDS, moved to PDS/COBHEXR
2025-04-04 08:25:31.313333 - Found COBLKLST.jcl (text/plain) in CBT.V508.FILE357.PDS, moved to PDS/COBLKLST
2025-04-04 08:25:31.313452 - Found COL.rexx (text/plain) in CBT.V508.FILE357.PDS, moved to PDS/COL
2025-04-04 08:25:31.313569 - Found COLS.rexx (text/plain) in CBT.V508.FILE357.PDS, moved to PDS/COLS
2025-04-04 08:25:31.313681 - Found COLSCC.rexx (text/plain) in CBT.V508.FILE357.PDS, moved to PDS/COLSCC
2025-04-04 08:25:31.313794 - Found COMPRS.rexx (text/plain) in CBT.V508.FILE357.PDS, moved to PDS/COMPRS
2025-04-04 08:25:31.313915 - Found CONBLANK.rexx (text/plain) in CBT.V508.FILE357.PDS, moved to PDS/CONBLANK
2025-04-04 08:25:31.314028 - Found CONCATDD.rexx (text/plain) in CBT.V508.FILE357.PDS, moved to PDS/CONCATDD
2025-04-04 08:25:31.314153 - Found COPYCOLS.rexx (text/plain) in CBT.V508.FILE357.PDS, moved to PDS/COPYCOLS
2025-04-04 08:25:31.314278 - Found COPYINS.rexx (text/plain) in CBT.V508.FILE357.PDS, moved to PDS/COPYINS
2025-04-04 08:25:31.314419 - Found COUNTX.rexx (text/plain) in CBT.V508.FILE357.PDS, moved to PDS/COUNTX
2025-04-04 08:25:31.314535 - Found COUNTXNX.rexx (text/plain) in CBT.V508.FILE357.PDS, moved to PDS/COUNTXNX
2025-04-04 08:25:31.314648 - Found CU.rexx (text/plain) in CBT.V508.FILE357.PDS, moved to PDS/CU
2025-04-04 08:25:31.314758 - Found CUD.rexx (text/plain) in CBT.V508.FILE357.PDS, moved to PDS/CUD
2025-04-04 08:25:31.314874 - Found CUTX.rexx (text/plain) in CBT.V508.FILE357.PDS, moved to PDS/CUTX
2025-04-04 08:25:31.314983 - Found CVB.rexx (text/plain) in CBT.V508.FILE357.PDS, moved to PDS/CVB
2025-04-04 08:25:31.315093 - Found CVD.rexx (text/plain) in CBT.V508.FILE357.PDS, moved to PDS/CVD
2025-04-04 08:25:31.315212 - Found C2H.rexx (text/plain) in CBT.V508.FILE357.PDS, moved to PDS/C2H
2025-04-04 08:25:31.315346 - Found DELBLANK.rexx (text/plain) in CBT.V508.FILE357.PDS, moved to PDS/DELBLANK
2025-04-04 08:25:31.315460 - Found DELCOLS.rexx (text/plain) in CBT.V508.FILE357.PDS, moved to PDS/DELCOLS
2025-04-04 08:25:31.315568 - Found DELDUPS.rexx (text/plain) in CBT.V508.FILE357.PDS, moved to PDS/DELDUPS
2025-04-04 08:25:31.315677 - Found DELDUPX.rexx (text/plain) in CBT.V508.FILE357.PDS, moved to PDS/DELDUPX
2025-04-04 08:25:31.315795 - Found DELPARA.rexx (text/plain) in CBT.V508.FILE357.PDS, moved to PDS/DELPARA
2025-04-04 08:25:31.315911 - Found DESC.rexx (text/plain) in CBT.V508.FILE357.PDS, moved to PDS/DESC
2025-04-04 08:25:31.316021 - Found DETAB.jcl (text/plain) in CBT.V508.FILE357.PDS, moved to PDS/DETAB
2025-04-04 08:25:31.316141 - Found DETAB$.jcl (text/plain) in CBT.V508.FILE357.PDS, moved to PDS/DETAB$
2025-04-04 08:25:31.316266 - Found DIRLIST.jcl (text/plain) in CBT.V508.FILE357.PDS, moved to PDS/DIRLIST
2025-04-04 08:25:31.316383 - Found DIRLIST$.jcl (text/plain) in CBT.V508.FILE357.PDS, moved to PDS/DIRLIST$
2025-04-04 08:25:31.316508 - Found DIRSCNC.jcl (text/plain) in CBT.V508.FILE357.PDS, moved to PDS/DIRSCNC
2025-04-04 08:25:31.316624 - Found DIRSCNC$.jcl (text/plain) in CBT.V508.FILE357.PDS, moved to PDS/DIRSCNC$
2025-04-04 08:25:31.316736 - Found DIRSCNQ.jcl (text/plain) in CBT.V508.FILE357.PDS, moved to PDS/DIRSCNQ
2025-04-04 08:25:31.316851 - Found DIRSCNQ$.jcl (text/plain) in CBT.V508.FILE357.PDS, moved to PDS/DIRSCNQ$
2025-04-04 08:25:31.316970 - Found DISPARA.rexx (text/plain) in CBT.V508.FILE357.PDS, moved to PDS/DISPARA
2025-04-04 08:25:31.317095 - Found DISPDSN.rexx (text/plain) in CBT.V508.FILE357.PDS, moved to PDS/DISPDSN
2025-04-04 08:25:31.317214 - Found DISPVAR.rexx (text/plain) in CBT.V508.FILE357.PDS, moved to PDS/DISPVAR
2025-04-04 08:25:31.317333 - Found DSLIST.rexx (text/plain) in CBT.V508.FILE357.PDS, moved to PDS/DSLIST
2025-04-04 08:25:31.317464 - Found DYNA.jcl (text/plain) in CBT.V508.FILE357.PDS, moved to PDS/DYNA
2025-04-04 08:25:31.317583 - Found DYNAMC.jcl (text/plain) in CBT.V508.FILE357.PDS, moved to PDS/DYNAMC
2025-04-04 08:25:31.317705 - Found DYNAMP.jcl (text/plain) in CBT.V508.FILE357.PDS, moved to PDS/DYNAMP
2025-04-04 08:25:31.317818 - Found DYNCOB.jcl (text/plain) in CBT.V508.FILE357.PDS, moved to PDS/DYNCOB
2025-04-04 08:25:31.317933 - Found DYNF.jcl (text/plain) in CBT.V508.FILE357.PDS, moved to PDS/DYNF
2025-04-04 08:25:31.318055 - Found DYNI.jcl (text/plain) in CBT.V508.FILE357.PDS, moved to PDS/DYNI
2025-04-04 08:25:31.318171 - Found DYNN.jcl (text/plain) in CBT.V508.FILE357.PDS, moved to PDS/DYNN
2025-04-04 08:25:31.318279 - Found DYNPLIA.jcl (text/plain) in CBT.V508.FILE357.PDS, moved to PDS/DYNPLIA
2025-04-04 08:25:31.318396 - Found DYNPLII.jcl (text/plain) in CBT.V508.FILE357.PDS, moved to PDS/DYNPLII
2025-04-04 08:25:31.318506 - Found DYNPLIN.jcl (text/plain) in CBT.V508.FILE357.PDS, moved to PDS/DYNPLIN
2025-04-04 08:25:31.318623 - Found DYNPLIS.jcl (text/plain) in CBT.V508.FILE357.PDS, moved to PDS/DYNPLIS
2025-04-04 08:25:31.318738 - Found DYNS.jcl (text/plain) in CBT.V508.FILE357.PDS, moved to PDS/DYNS
2025-04-04 08:25:31.318855 - Found EMPTY.rexx (text/plain) in CBT.V508.FILE357.PDS, moved to PDS/EMPTY
2025-04-04 08:25:31.318975 - Found EMPTYCK$.txt (text/plain) in CBT.V508.FILE357.PDS, moved to PDS/EMPTYCK$
2025-04-04 08:25:31.319088 - Found ENC.rexx (text/plain) in CBT.V508.FILE357.PDS, moved to PDS/ENC
2025-04-04 08:25:31.319204 - Found ENC2.rexx (text/plain) in CBT.V508.FILE357.PDS, moved to PDS/ENC2
2025-04-04 08:25:31.319320 - Found EZCKGRDT.jcl (text/plain) in CBT.V508.FILE357.PDS, moved to PDS/EZCKGRDT
2025-04-04 08:25:31.319445 - Found EZCKJUDT.jcl (text/plain) in CBT.V508.FILE357.PDS, moved to PDS/EZCKJUDT
2025-04-04 08:25:31.319568 - Found EZCL.jcl (text/plain) in CBT.V508.FILE357.PDS, moved to PDS/EZCL
2025-04-04 08:25:31.319684 - Found EZCOPY.jcl (text/plain) in CBT.V508.FILE357.PDS, moved to PDS/EZCOPY
2025-04-04 08:25:31.319814 - Found EZCOUNT.jcl (text/plain) in CBT.V508.FILE357.PDS, moved to PDS/EZCOUNT
2025-04-04 08:25:31.319931 - Found EZGENRPT.bin (application/octet-stream) in CBT.V508.FILE357.PDS, moved to PDS/EZGENRPT
2025-04-04 08:25:31.320053 - Found EZPARM.jcl (text/plain) in CBT.V508.FILE357.PDS, moved to PDS/EZPARM
2025-04-04 08:25:31.320168 - Found EZSTRSK.jcl (text/plain) in CBT.V508.FILE357.PDS, moved to PDS/EZSTRSK
2025-04-04 08:25:31.320282 - Found EZUNPK.jcl (text/plain) in CBT.V508.FILE357.PDS, moved to PDS/EZUNPK
2025-04-04 08:25:31.320395 - Found FALT.rexx (text/plain) in CBT.V508.FILE357.PDS, moved to PDS/FALT
2025-04-04 08:25:31.320510 - Found FAND.txt (text/plain) in CBT.V508.FILE357.PDS, moved to PDS/FAND
2025-04-04 08:25:31.320637 - Found FEXC.rexx (text/plain) in CBT.V508.FILE357.PDS, moved to PDS/FEXC
2025-04-04 08:25:31.320747 - Found FGE.rexx (text/plain) in CBT.V508.FILE357.PDS, moved to PDS/FGE
2025-04-04 08:25:31.320857 - Found FGT.rexx (text/plain) in CBT.V508.FILE357.PDS, moved to PDS/FGT
2025-04-04 08:25:31.320974 - Found FILLCOLS.rexx (text/plain) in CBT.V508.FILE357.PDS, moved to PDS/FILLCOLS
2025-04-04 08:25:31.321099 - Found FILLINS.rexx (text/plain) in CBT.V508.FILE357.PDS, moved to PDS/FILLINS
2025-04-04 08:25:31.321211 - Found FINDDUPS.rexx (text/plain) in CBT.V508.FILE357.PDS, moved to PDS/FINDDUPS
2025-04-04 08:25:31.321322 - Found FINDDUPX.rexx (text/plain) in CBT.V508.FILE357.PDS, moved to PDS/FINDDUPX
2025-04-04 08:25:31.321438 - Found FINDNSTR.rexx (text/plain) in CBT.V508.FILE357.PDS, moved to PDS/FINDNSTR
2025-04-04 08:25:31.321554 - Found FINDSTRX.rexx (text/plain) in CBT.V508.FILE357.PDS, moved to PDS/FINDSTRX
2025-04-04 08:25:31.321670 - Found FLAGREVS.rexx (text/plain) in CBT.V508.FILE357.PDS, moved to PDS/FLAGREVS
2025-04-04 08:25:31.321799 - Found FLE.rexx (text/plain) in CBT.V508.FILE357.PDS, moved to PDS/FLE
2025-04-04 08:25:31.321913 - Found FLT.rexx (text/plain) in CBT.V508.FILE357.PDS, moved to PDS/FLT
2025-04-04 08:25:31.322026 - Found FMAX.rexx (text/plain) in CBT.V508.FILE357.PDS, moved to PDS/FMAX
2025-04-04 08:25:31.322148 - Found FMDOUBLE.jcl (text/plain) in CBT.V508.FILE357.PDS, moved to PDS/FMDOUBLE
2025-04-04 08:25:31.322258 - Found FMIN.rexx (text/plain) in CBT.V508.FILE357.PDS, moved to PDS/FMIN
2025-04-04 08:25:31.322370 - Found FN.rexx (text/plain) in CBT.V508.FILE357.PDS, moved to PDS/FN
2025-04-04 08:25:31.322483 - Found FNB.rexx (text/plain) in CBT.V508.FILE357.PDS, moved to PDS/FNB
2025-04-04 08:25:31.322590 - Found FNOT.txt (text/plain) in CBT.V508.FILE357.PDS, moved to PDS/FNOT
2025-04-04 08:25:31.322697 - Found FOG.rexx (text/plain) in CBT.V508.FILE357.PDS, moved to PDS/FOG
2025-04-04 08:25:31.322807 - Found FOR.txt (text/plain) in CBT.V508.FILE357.PDS, moved to PDS/FOR
2025-04-04 08:25:31.322919 - Found FOREVER.jcl (text/plain) in CBT.V508.FILE357.PDS, moved to PDS/FOREVER
2025-04-04 08:25:31.323054 - Found FOREVERX.txt (text/plain) in CBT.V508.FILE357.PDS, moved to PDS/FOREVERX
2025-04-04 08:25:31.323190 - Found FORMCOLS.rexx (text/plain) in CBT.V508.FILE357.PDS, moved to PDS/FORMCOLS
2025-04-04 08:25:31.323313 - Found FPEND.rexx (text/plain) in CBT.V508.FILE357.PDS, moved to PDS/FPEND
2025-04-04 08:25:31.323434 - Found FREE.txt (text/plain) in CBT.V508.FILE357.PDS, moved to PDS/FREE
2025-04-04 08:25:31.323580 - Found FS.rexx (text/plain) in CBT.V508.FILE357.PDS, moved to PDS/FS
2025-04-04 08:25:31.323716 - Found FX.rexx (text/plain) in CBT.V508.FILE357.PDS, moved to PDS/FX
2025-04-04 08:25:31.323863 - Found GATHERX.rexx (text/plain) in CBT.V508.FILE357.PDS, moved to PDS/GATHERX
2025-04-04 08:25:31.324008 - Found GETDSN.jcl (text/plain) in CBT.V508.FILE357.PDS, moved to PDS/GETDSN
2025-04-04 08:25:31.324168 - Found GETDSNS.rexx (text/plain) in CBT.V508.FILE357.PDS, moved to PDS/GETDSNS
2025-04-04 08:25:31.324358 - Found GETGDGS.rexx (text/plain) in CBT.V508.FILE357.PDS, moved to PDS/GETGDGS
2025-04-04 08:25:31.324597 - Found GETMEMS.rexx (text/plain) in CBT.V508.FILE357.PDS, moved to PDS/GETMEMS
2025-04-04 08:25:31.324795 - Found GETRGNSZ.rexx (text/plain) in CBT.V508.FILE357.PDS, moved to PDS/GETRGNSZ
2025-04-04 08:25:31.324986 - Found GMT.rexx (text/plain) in CBT.V508.FILE357.PDS, moved to PDS/GMT
2025-04-04 08:25:31.325147 - Found HEXDUMP.jcl (text/plain) in CBT.V508.FILE357.PDS, moved to PDS/HEXDUMP
2025-04-04 08:25:31.325303 - Found HEXDUMP$.jcl (text/plain) in CBT.V508.FILE357.PDS, moved to PDS/HEXDUMP$
2025-04-04 08:25:31.325494 - Found HEXUDUM$.jcl (text/plain) in CBT.V508.FILE357.PDS, moved to PDS/HEXUDUM$
2025-04-04 08:25:31.325653 - Found HEXUDUMP.jcl (text/plain) in CBT.V508.FILE357.PDS, moved to PDS/HEXUDUMP
2025-04-04 08:25:31.325807 - Found HEXUIDC$.jcl (text/plain) in CBT.V508.FILE357.PDS, moved to PDS/HEXUIDC$
2025-04-04 08:25:31.325957 - Found HOWLONG.rexx (text/plain) in CBT.V508.FILE357.PDS, moved to PDS/HOWLONG
2025-04-04 08:25:31.326128 - Found HSMDOC.txt (text/plain) in CBT.V508.FILE357.PDS, moved to PDS/HSMDOC
2025-04-04 08:25:31.326286 - Found H2C.rexx (text/plain) in CBT.V508.FILE357.PDS, moved to PDS/H2C
2025-04-04 08:25:31.326439 - Found IE.rexx (text/plain) in CBT.V508.FILE357.PDS, moved to PDS/IE
2025-04-04 08:25:31.326620 - Found IEZBITS.txt (text/plain) in CBT.V508.FILE357.PDS, moved to PDS/IEZBITS
2025-04-04 08:25:31.326774 - Found II.rexx (text/plain) in CBT.V508.FILE357.PDS, moved to PDS/II
2025-04-04 08:25:31.326933 - Found IP.rexx (text/plain) in CBT.V508.FILE357.PDS, moved to PDS/IP
2025-04-04 08:25:31.327095 - Found IPADDR.rexx (text/plain) in CBT.V508.FILE357.PDS, moved to PDS/IPADDR
2025-04-04 08:25:31.327253 - Found IS.rexx (text/plain) in CBT.V508.FILE357.PDS, moved to PDS/IS
2025-04-04 08:25:31.327400 - Found ISA.rexx (text/plain) in CBT.V508.FILE357.PDS, moved to PDS/ISA
2025-04-04 08:25:31.327536 - Found ISORT.rexx (text/plain) in CBT.V508.FILE357.PDS, moved to PDS/ISORT
2025-04-04 08:25:31.327676 - Found IST.rexx (text/plain) in CBT.V508.FILE357.PDS, moved to PDS/IST
2025-04-04 08:25:31.327803 - Found JB.rexx (text/plain) in CBT.V508.FILE357.PDS, moved to PDS/JB
2025-04-04 08:25:31.327922 - Found JC.rexx (text/plain) in CBT.V508.FILE357.PDS, moved to PDS/JC
2025-04-04 08:25:31.328038 - Found JOBINFO.jcl (text/plain) in CBT.V508.FILE357.PDS, moved to PDS/JOBINFO
2025-04-04 08:25:31.328163 - Found JOINCOLS.rexx (text/plain) in CBT.V508.FILE357.PDS, moved to PDS/JOINCOLS
2025-04-04 08:25:31.328275 - Found JT.rexx (text/plain) in CBT.V508.FILE357.PDS, moved to PDS/JT
2025-04-04 08:25:31.328395 - Found KEEPCOLS.rexx (text/plain) in CBT.V508.FILE357.PDS, moved to PDS/KEEPCOLS
2025-04-04 08:25:31.328536 - Found LASTREF.rexx (text/plain) in CBT.V508.FILE357.PDS, moved to PDS/LASTREF
2025-04-04 08:25:31.328661 - Found LESS.rexx (text/plain) in CBT.V508.FILE357.PDS, moved to PDS/LESS
2025-04-04 08:25:31.328794 - Found LJUST.rexx (text/plain) in CBT.V508.FILE357.PDS, moved to PDS/LJUST
2025-04-04 08:25:31.328920 - Found LKDT.rexx (text/plain) in CBT.V508.FILE357.PDS, moved to PDS/LKDT
2025-04-04 08:25:31.329033 - Found LMODWU.jcl (text/plain) in CBT.V508.FILE357.PDS, moved to PDS/LMODWU
2025-04-04 08:25:31.329150 - Found LMODWU$.jcl (text/plain) in CBT.V508.FILE357.PDS, moved to PDS/LMODWU$
2025-04-04 08:25:31.329351 - Found LMODXRF.bin (application/octet-stream) in CBT.V508.FILE357.PDS, moved to PDS/LMODXRF
2025-04-04 08:25:31.329479 - Found LMODXRF$.jcl (text/plain) in CBT.V508.FILE357.PDS, moved to PDS/LMODXRF$
2025-04-04 08:25:31.329607 - Found LONGEST.rexx (text/plain) in CBT.V508.FILE357.PDS, moved to PDS/LONGEST
2025-04-04 08:25:31.329724 - Found MACSDYNA.txt (text/plain) in CBT.V508.FILE357.PDS, moved to PDS/MACSDYNA
2025-04-04 08:25:31.329849 - Found MORE.rexx (text/plain) in CBT.V508.FILE357.PDS, moved to PDS/MORE
2025-04-04 08:25:31.329970 - Found MOVECOLD.rexx (text/plain) in CBT.V508.FILE357.PDS, moved to PDS/MOVECOLD
2025-04-04 08:25:31.330085 - Found MOVECOLS.rexx (text/plain) in CBT.V508.FILE357.PDS, moved to PDS/MOVECOLS
2025-04-04 08:25:31.330203 - Found MOVEINS.rexx (text/plain) in CBT.V508.FILE357.PDS, moved to PDS/MOVEINS
2025-04-04 08:25:31.330322 - Found MOVEINSD.rexx (text/plain) in CBT.V508.FILE357.PDS, moved to PDS/MOVEINSD
2025-04-04 08:25:31.330437 - Found NEATJCL.rexx (text/plain) in CBT.V508.FILE357.PDS, moved to PDS/NEATJCL
2025-04-04 08:25:31.330565 - Found NEW.rexx (text/plain) in CBT.V508.FILE357.PDS, moved to PDS/NEW
2025-04-04 08:25:31.330688 - Found NEWP.rexx (text/plain) in CBT.V508.FILE357.PDS, moved to PDS/NEWP
2025-04-04 08:25:31.330809 - Found NUMCOLS.rexx (text/plain) in CBT.V508.FILE357.PDS, moved to PDS/NUMCOLS
2025-04-04 08:25:31.330926 - Found NUMCOLS0.rexx (text/plain) in CBT.V508.FILE357.PDS, moved to PDS/NUMCOLS0
2025-04-04 08:25:31.331048 - Found OPCODE.rexx (text/plain) in CBT.V508.FILE357.PDS, moved to PDS/OPCODE
2025-04-04 08:25:31.331161 - Found PA.rexx (text/plain) in CBT.V508.FILE357.PDS, moved to PDS/PA
2025-04-04 08:25:31.331273 - Found PACKDS.rexx (text/plain) in CBT.V508.FILE357.PDS, moved to PDS/PACKDS
2025-04-04 08:25:31.331381 - Found PAGES.jcl (text/plain) in CBT.V508.FILE357.PDS, moved to PDS/PAGES
2025-04-04 08:25:31.331504 - Found PAGES$.jcl (text/plain) in CBT.V508.FILE357.PDS, moved to PDS/PAGES$
2025-04-04 08:25:31.331632 - Found PASTEAFT.rexx (text/plain) in CBT.V508.FILE357.PDS, moved to PDS/PASTEAFT
2025-04-04 08:25:31.331749 - Found PASTEX.rexx (text/plain) in CBT.V508.FILE357.PDS, moved to PDS/PASTEX
2025-04-04 08:25:31.331872 - Found PASTY.rexx (text/plain) in CBT.V508.FILE357.PDS, moved to PDS/PASTY
2025-04-04 08:25:31.331992 - Found PDSDEGAS.jcl (text/plain) in CBT.V508.FILE357.PDS, moved to PDS/PDSDEGAS
2025-04-04 08:25:31.332111 - Found PDSGAS.jcl (text/plain) in CBT.V508.FILE357.PDS, moved to PDS/PDSGAS
2025-04-04 08:25:31.332227 - Found PDSGAS$.jcl (text/plain) in CBT.V508.FILE357.PDS, moved to PDS/PDSGAS$
2025-04-04 08:25:31.332343 - Found PDSGEN.jcl (text/plain) in CBT.V508.FILE357.PDS, moved to PDS/PDSGEN
2025-04-04 08:25:31.332457 - Found PDSGEN$.jcl (text/plain) in CBT.V508.FILE357.PDS, moved to PDS/PDSGEN$
2025-04-04 08:25:31.332586 - Found PDSLIST.jcl (text/plain) in CBT.V508.FILE357.PDS, moved to PDS/PDSLIST
2025-04-04 08:25:31.332707 - Found PDSLIST$.jcl (text/plain) in CBT.V508.FILE357.PDS, moved to PDS/PDSLIST$
2025-04-04 08:25:31.332827 - Found PDSMATC.jcl (text/plain) in CBT.V508.FILE357.PDS, moved to PDS/PDSMATC
2025-04-04 08:25:31.332952 - Found PDSMATC$.jcl (text/plain) in CBT.V508.FILE357.PDS, moved to PDS/PDSMATC$
2025-04-04 08:25:31.333081 - Found PDSMATC#.jcl (text/plain) in CBT.V508.FILE357.PDS, moved to PDS/PDSMATC#
2025-04-04 08:25:31.333200 - Found PDSMATC@.jcl (text/plain) in CBT.V508.FILE357.PDS, moved to PDS/PDSMATC@
2025-04-04 08:25:31.333311 - Found PDSMATCH.txt (text/plain) in CBT.V508.FILE357.PDS, moved to PDS/PDSMATCH
2025-04-04 08:25:31.333424 - Found PDSMATCO.jcl (text/plain) in CBT.V508.FILE357.PDS, moved to PDS/PDSMATCO
2025-04-04 08:25:31.333535 - Found PDSMATCP.txt (text/plain) in CBT.V508.FILE357.PDS, moved to PDS/PDSMATCP
2025-04-04 08:25:31.333652 - Found PDSPUNC$.jcl (text/plain) in CBT.V508.FILE357.PDS, moved to PDS/PDSPUNC$
2025-04-04 08:25:31.333774 - Found PDSPUNCH.jcl (text/plain) in CBT.V508.FILE357.PDS, moved to PDS/PDSPUNCH
2025-04-04 08:25:31.333887 - Found PDS2SEQ.rexx (text/plain) in CBT.V508.FILE357.PDS, moved to PDS/PDS2SEQ
2025-04-04 08:25:31.333997 - Found PK.rexx (text/plain) in CBT.V508.FILE357.PDS, moved to PDS/PK
2025-04-04 08:25:31.334121 - Found PULL.jcl (text/plain) in CBT.V508.FILE357.PDS, moved to PDS/PULL
2025-04-04 08:25:31.334235 - Found PULL$.jcl (text/plain) in CBT.V508.FILE357.PDS, moved to PDS/PULL$
2025-04-04 08:25:31.334354 - Found PY.rexx (text/plain) in CBT.V508.FILE357.PDS, moved to PDS/PY
2025-04-04 08:25:31.334475 - Found QCLONE.rexx (text/plain) in CBT.V508.FILE357.PDS, moved to PDS/QCLONE
2025-04-04 08:25:31.334601 - Found QCLONER.rexx (text/plain) in CBT.V508.FILE357.PDS, moved to PDS/QCLONER
2025-04-04 08:25:31.334720 - Found RANCOLS.rexx (text/plain) in CBT.V508.FILE357.PDS, moved to PDS/RANCOLS
2025-04-04 08:25:31.334847 - Found RANCOLS0.rexx (text/plain) in CBT.V508.FILE357.PDS, moved to PDS/RANCOLS0
2025-04-04 08:25:31.334971 - Found REALUNIQ.rexx (text/plain) in CBT.V508.FILE357.PDS, moved to PDS/REALUNIQ
2025-04-04 08:25:31.335078 - Found REALUNIX.rexx (text/plain) in CBT.V508.FILE357.PDS, moved to PDS/REALUNIX
2025-04-04 08:25:31.335196 - Found REGS.txt (text/plain) in CBT.V508.FILE357.PDS, moved to PDS/REGS
2025-04-04 08:25:31.335310 - Found RENTER.txt (text/plain) in CBT.V508.FILE357.PDS, moved to PDS/RENTER
2025-04-04 08:25:31.335422 - Found REVERSEX.rexx (text/plain) in CBT.V508.FILE357.PDS, moved to PDS/REVERSEX
2025-04-04 08:25:31.335533 - Found REXIT.txt (text/plain) in CBT.V508.FILE357.PDS, moved to PDS/REXIT
2025-04-04 08:25:31.335647 - Found RJUST.rexx (text/plain) in CBT.V508.FILE357.PDS, moved to PDS/RJUST
2025-04-04 08:25:31.335762 - Found SAVEINPL.rexx (text/plain) in CBT.V508.FILE357.PDS, moved to PDS/SAVEINPL
2025-04-04 08:25:31.335882 - Found SCANPDS.jcl (text/plain) in CBT.V508.FILE357.PDS, moved to PDS/SCANPDS
2025-04-04 08:25:31.336015 - Found SCANPDSX.jcl (text/plain) in CBT.V508.FILE357.PDS, moved to PDS/SCANPDSX
2025-04-04 08:25:31.336152 - Found SETRC.jcl (text/plain) in CBT.V508.FILE357.PDS, moved to PDS/SETRC
2025-04-04 08:25:31.336268 - Found SETRC$.jcl (text/plain) in CBT.V508.FILE357.PDS, moved to PDS/SETRC$
2025-04-04 08:25:31.336381 - Found SHIFT.rexx (text/plain) in CBT.V508.FILE357.PDS, moved to PDS/SHIFT
2025-04-04 08:25:31.336498 - Found SHORTEST.rexx (text/plain) in CBT.V508.FILE357.PDS, moved to PDS/SHORTEST
2025-04-04 08:25:31.336636 - Found SHUFFLE.rexx (text/plain) in CBT.V508.FILE357.PDS, moved to PDS/SHUFFLE
2025-04-04 08:25:31.336758 - Found SLEEP.rexx (text/plain) in CBT.V508.FILE357.PDS, moved to PDS/SLEEP
2025-04-04 08:25:31.336863 - Found SMARTGN.jcl (text/plain) in CBT.V508.FILE357.PDS, moved to PDS/SMARTGN
2025-04-04 08:25:31.336987 - Found SMARTGN$.jcl (text/plain) in CBT.V508.FILE357.PDS, moved to PDS/SMARTGN$
2025-04-04 08:25:31.337111 - Found SNACK.rexx (text/plain) in CBT.V508.FILE357.PDS, moved to PDS/SNACK
2025-04-04 08:25:31.337223 - Found SORTNX.rexx (text/plain) in CBT.V508.FILE357.PDS, moved to PDS/SORTNX
2025-04-04 08:25:31.337332 - Found SORTX.txt (text/plain) in CBT.V508.FILE357.PDS, moved to PDS/SORTX
2025-04-04 08:25:31.337449 - Found SPLITAFT.rexx (text/plain) in CBT.V508.FILE357.PDS, moved to PDS/SPLITAFT
2025-04-04 08:25:31.337568 - Found SPLITAT.rexx (text/plain) in CBT.V508.FILE357.PDS, moved to PDS/SPLITAT
2025-04-04 08:25:31.337686 - Found SPLITON.rexx (text/plain) in CBT.V508.FILE357.PDS, moved to PDS/SPLITON
2025-04-04 08:25:31.337799 - Found SPLTCOLS.rexx (text/plain) in CBT.V508.FILE357.PDS, moved to PDS/SPLTCOLS
2025-04-04 08:25:31.337916 - Found SQUSH.rexx (text/plain) in CBT.V508.FILE357.PDS, moved to PDS/SQUSH
2025-04-04 08:25:31.338060 - Found STEMSRT1.rexx (text/plain) in CBT.V508.FILE357.PDS, moved to PDS/STEMSRT1
2025-04-04 08:25:31.338186 - Found STEMSRT2.rexx (text/plain) in CBT.V508.FILE357.PDS, moved to PDS/STEMSRT2
2025-04-04 08:25:31.338323 - Found STEMSRT3.rexx (text/plain) in CBT.V508.FILE357.PDS, moved to PDS/STEMSRT3
2025-04-04 08:25:31.338447 - Found STOWR.jcl (text/plain) in CBT.V508.FILE357.PDS, moved to PDS/STOWR
2025-04-04 08:25:31.338575 - Found STOWU.jcl (text/plain) in CBT.V508.FILE357.PDS, moved to PDS/STOWU
2025-04-04 08:25:31.338715 - Found STRING.txt (text/plain) in CBT.V508.FILE357.PDS, moved to PDS/STRING
2025-04-04 08:25:31.338851 - Found STRING$.jcl (text/plain) in CBT.V508.FILE357.PDS, moved to PDS/STRING$
2025-04-04 08:25:31.338973 - Found STRING#.txt (text/plain) in CBT.V508.FILE357.PDS, moved to PDS/STRING#
2025-04-04 08:25:31.339102 - Found STRSRCH.txt (text/plain) in CBT.V508.FILE357.PDS, moved to PDS/STRSRCH
2025-04-04 08:25:31.339233 - Found STRSRCH#.txt (text/plain) in CBT.V508.FILE357.PDS, moved to PDS/STRSRCH#
2025-04-04 08:25:31.339355 - Found STRUCT.rexx (text/plain) in CBT.V508.FILE357.PDS, moved to PDS/STRUCT
2025-04-04 08:25:31.339504 - Found SUBCAN.rexx (text/plain) in CBT.V508.FILE357.PDS, moved to PDS/SUBCAN
2025-04-04 08:25:31.339651 - Found SUBO.rexx (text/plain) in CBT.V508.FILE357.PDS, moved to PDS/SUBO
2025-04-04 08:25:31.339801 - Found SUBX.rexx (text/plain) in CBT.V508.FILE357.PDS, moved to PDS/SUBX
2025-04-04 08:25:31.339921 - Found SUFFLINE.rexx (text/plain) in CBT.V508.FILE357.PDS, moved to PDS/SUFFLINE
2025-04-04 08:25:31.340072 - Found SUMCOLS.rexx (text/plain) in CBT.V508.FILE357.PDS, moved to PDS/SUMCOLS
2025-04-04 08:25:31.340214 - Found SYSI.rexx (text/plain) in CBT.V508.FILE357.PDS, moved to PDS/SYSI
2025-04-04 08:25:31.340350 - Found TD.rexx (text/plain) in CBT.V508.FILE357.PDS, moved to PDS/TD
2025-04-04 08:25:31.340648 - Found TERSE$.jcl (text/plain) in CBT.V508.FILE357.PDS, moved to PDS/TERSE$
2025-04-04 08:25:31.340847 - Found TODAY.rexx (text/plain) in CBT.V508.FILE357.PDS, moved to PDS/TODAY
2025-04-04 08:25:31.340992 - Found TOUCH.jcl (text/plain) in CBT.V508.FILE357.PDS, moved to PDS/TOUCH
2025-04-04 08:25:31.341129 - Found TOUCH$.jcl (text/plain) in CBT.V508.FILE357.PDS, moved to PDS/TOUCH$
2025-04-04 08:25:31.341254 - Found TRAP.rexx (text/plain) in CBT.V508.FILE357.PDS, moved to PDS/TRAP
2025-04-04 08:25:31.341380 - Found TSJ.rexx (text/plain) in CBT.V508.FILE357.PDS, moved to PDS/TSJ
2025-04-04 08:25:31.341523 - Found TU.rexx (text/plain) in CBT.V508.FILE357.PDS, moved to PDS/TU
2025-04-04 08:25:31.341642 - Found T1.txt (text/plain) in CBT.V508.FILE357.PDS, moved to PDS/T1
2025-04-04 08:25:31.341767 - Found T2.txt (text/plain) in CBT.V508.FILE357.PDS, moved to PDS/T2
2025-04-04 08:25:31.341894 - Found UNIQUE.rexx (text/plain) in CBT.V508.FILE357.PDS, moved to PDS/UNIQUE
2025-04-04 08:25:31.342008 - Found UNIQUEX.rexx (text/plain) in CBT.V508.FILE357.PDS, moved to PDS/UNIQUEX
2025-04-04 08:25:31.342125 - Found UNPACKDS.rexx (text/plain) in CBT.V508.FILE357.PDS, moved to PDS/UNPACKDS
2025-04-04 08:25:31.342243 - Found UNPK.rexx (text/plain) in CBT.V508.FILE357.PDS, moved to PDS/UNPK
2025-04-04 08:25:31.342355 - Found UNTOUCH.jcl (text/plain) in CBT.V508.FILE357.PDS, moved to PDS/UNTOUCH
2025-04-04 08:25:31.342502 - Found UNTOUCH$.jcl (text/plain) in CBT.V508.FILE357.PDS, moved to PDS/UNTOUCH$
2025-04-04 08:25:31.342630 - Found VALUES.jcl (text/plain) in CBT.V508.FILE357.PDS, moved to PDS/VALUES
2025-04-04 08:25:31.342780 - Found VALUES$.jcl (text/plain) in CBT.V508.FILE357.PDS, moved to PDS/VALUES$
2025-04-04 08:25:31.342919 - Found VERASE.rexx (text/plain) in CBT.V508.FILE357.PDS, moved to PDS/VERASE
2025-04-04 08:25:31.343066 - Found VSAVE.rexx (text/plain) in CBT.V508.FILE357.PDS, moved to PDS/VSAVE
2025-04-04 08:25:31.343188 - Found VW.rexx (text/plain) in CBT.V508.FILE357.PDS, moved to PDS/VW
2025-04-04 08:25:31.343342 - Found VWV.rexx (text/plain) in CBT.V508.FILE357.PDS, moved to PDS/VWV
2025-04-04 08:25:31.343474 - Found WAIT.jcl (text/plain) in CBT.V508.FILE357.PDS, moved to PDS/WAIT
2025-04-04 08:25:31.343597 - Found WAIT$.jcl (text/plain) in CBT.V508.FILE357.PDS, moved to PDS/WAIT$
2025-04-04 08:25:31.343726 - Found XALLMEM.rexx (text/plain) in CBT.V508.FILE357.PDS, moved to PDS/XALLMEM
2025-04-04 08:25:31.343851 - Found XCOPY.rexx (text/plain) in CBT.V508.FILE357.PDS, moved to PDS/XCOPY
2025-04-04 08:25:31.343986 - Found XINDENT.rexx (text/plain) in CBT.V508.FILE357.PDS, moved to PDS/XINDENT
2025-04-04 08:25:31.344102 - Found ZVW.rexx (text/plain) in CBT.V508.FILE357.PDS, moved to PDS/ZVW
